<?xml version="1.0" encoding="UTF-8"?>
<testsuite name="ru.bsu.cad.lab.AppTest" tests="1" skipped="0" failures="0" errors="0" timestamp="2025-05-09T07:34:12.365Z" hostname="DESKTOP-ITV1KRA" time="1.958">
  <properties/>
  <testcase name="contextLoads()" classname="ru.bsu.cad.lab.AppTest" time="1.958"/>
  <system-out><![CDATA[ResourceFileReader инициализирован: Fri May 09 10:34:13 MSK 2025
File path: classpath:category.csv
ResourceFileReader инициализирован: Fri May 09 10:34:13 MSK 2025
File path: classpath:product.csv
ResourceFileReader инициализирован: Fri May 09 10:34:13 MSK 2025
File path: null
Creating H2 embedded database...
10:34:13 INFO  o.s.j.d.e.EmbeddedDatabaseFactory - Starting embedded database: url='jdbc:h2:mem:petstore_db;DB_CLOSE_DELAY=-1;DB_CLOSE_ON_EXIT=false', username='sa'
10:34:14 INFO  o.s.j.d.e.EmbeddedDatabaseFactory - Shutting down embedded database: url='jdbc:h2:mem:petstore_db;DB_CLOSE_DELAY=-1;DB_CLOSE_ON_EXIT=false'
]]></system-out>
  <system-err><![CDATA[]]></system-err>
</testsuite>
